<?xml version="1.0" encoding="UTF-8"?>
<testng-results skipped="0" failed="0" ignored="0" total="5" passed="5">
  <reporter-output>
  </reporter-output>
  <suite name="Suite" duration-ms="86" started-at="2018-10-29T17:09:40Z" finished-at="2018-10-29T17:09:40Z">
    <groups>
      <group name="smoke">
        <method signature="SampleTestNG.test2()[pri:0, instance:test.SampleTestNG@39f31e]" name="test2" class="test.SampleTestNG"/>
      </group> <!-- smoke -->
    </groups>
    <test name="test group 1" duration-ms="86" started-at="2018-10-29T17:09:40Z" finished-at="2018-10-29T17:09:40Z">
      <class name="test.SampleTestNG">
        <test-method status="PASS" signature="beforeMethodtest()[pri:0, instance:test.SampleTestNG@39f31e]" name="beforeMethodtest" is-config="true" duration-ms="8" started-at="2018-10-29T12:09:40Z" finished-at="2018-10-29T12:09:40Z">
          <reporter-output>
          </reporter-output>
        </test-method> <!-- beforeMethodtest -->
        <test-method status="PASS" signature="dataProviderTest(java.lang.String, java.lang.String)[pri:0, instance:test.SampleTestNG@39f31e]" name="dataProviderTest" duration-ms="9" started-at="2018-10-29T12:09:40Z" data-provider="getData" finished-at="2018-10-29T12:09:40Z">
          <params>
            <param index="0">
              <value>
                <![CDATA[FirstUsername]]>
              </value>
            </param>
            <param index="1">
              <value>
                <![CDATA[FirstUserpwd]]>
              </value>
            </param>
          </params>
          <reporter-output>
          </reporter-output>
        </test-method> <!-- dataProviderTest -->
        <test-method status="PASS" signature="beforeMethodtest()[pri:0, instance:test.SampleTestNG@39f31e]" name="beforeMethodtest" is-config="true" duration-ms="1" started-at="2018-10-29T12:09:40Z" finished-at="2018-10-29T12:09:40Z">
          <reporter-output>
          </reporter-output>
        </test-method> <!-- beforeMethodtest -->
        <test-method status="PASS" signature="dataProviderTest(java.lang.String, java.lang.String)[pri:0, instance:test.SampleTestNG@39f31e]" name="dataProviderTest" duration-ms="2" started-at="2018-10-29T12:09:40Z" data-provider="getData" finished-at="2018-10-29T12:09:40Z">
          <params>
            <param index="0">
              <value>
                <![CDATA[SecondUsername]]>
              </value>
            </param>
            <param index="1">
              <value>
                <![CDATA[SecondUserpwd]]>
              </value>
            </param>
          </params>
          <reporter-output>
          </reporter-output>
        </test-method> <!-- dataProviderTest -->
        <test-method status="PASS" signature="beforeMethodtest()[pri:0, instance:test.SampleTestNG@39f31e]" name="beforeMethodtest" is-config="true" duration-ms="0" started-at="2018-10-29T12:09:40Z" finished-at="2018-10-29T12:09:40Z">
          <reporter-output>
          </reporter-output>
        </test-method> <!-- beforeMethodtest -->
        <test-method status="PASS" signature="dataProviderTest(java.lang.String, java.lang.String)[pri:0, instance:test.SampleTestNG@39f31e]" name="dataProviderTest" duration-ms="2" started-at="2018-10-29T12:09:40Z" data-provider="getData" finished-at="2018-10-29T12:09:40Z">
          <params>
            <param index="0">
              <value>
                <![CDATA[ThirdUsername]]>
              </value>
            </param>
            <param index="1">
              <value>
                <![CDATA[ThirdUserpwd]]>
              </value>
            </param>
          </params>
          <reporter-output>
          </reporter-output>
        </test-method> <!-- dataProviderTest -->
        <test-method status="PASS" signature="beforeMethodtest()[pri:0, instance:test.SampleTestNG@39f31e]" name="beforeMethodtest" is-config="true" duration-ms="0" started-at="2018-10-29T12:09:40Z" finished-at="2018-10-29T12:09:40Z">
          <reporter-output>
          </reporter-output>
        </test-method> <!-- beforeMethodtest -->
        <test-method status="PASS" signature="test2()[pri:0, instance:test.SampleTestNG@39f31e]" name="test2" duration-ms="2" started-at="2018-10-29T12:09:40Z" finished-at="2018-10-29T12:09:40Z">
          <reporter-output>
          </reporter-output>
        </test-method> <!-- test2 -->
        <test-method status="PASS" signature="beforeMethodtest()[pri:0, instance:test.SampleTestNG@39f31e]" name="beforeMethodtest" is-config="true" duration-ms="0" started-at="2018-10-29T12:09:40Z" finished-at="2018-10-29T12:09:40Z">
          <reporter-output>
          </reporter-output>
        </test-method> <!-- beforeMethodtest -->
        <test-method status="PASS" signature="testURL(java.lang.String)[pri:0, instance:test.SampleTestNG@39f31e]" name="testURL" duration-ms="2" started-at="2018-10-29T12:09:40Z" finished-at="2018-10-29T12:09:40Z">
          <params>
            <param index="0">
              <value>
                <![CDATA[qaclickcademy.com]]>
              </value>
            </param>
          </params>
          <reporter-output>
          </reporter-output>
        </test-method> <!-- testURL -->
        <test-method status="PASS" signature="afterSuitetest()[pri:0, instance:test.SampleTestNG@39f31e]" name="afterSuitetest" is-config="true" duration-ms="1" started-at="2018-10-29T12:09:40Z" finished-at="2018-10-29T12:09:40Z">
          <reporter-output>
          </reporter-output>
        </test-method> <!-- afterSuitetest -->
      </class> <!-- test.SampleTestNG -->
    </test> <!-- test group 1 -->
  </suite> <!-- Suite -->
</testng-results>
