<?xml version="1.0" encoding="UTF-8"?>
<!-- Generated by org.testng.reporters.JUnitXMLReporter -->
<testsuite hostname="SHADOWS" ignored="2" name="Default test" tests="3" failures="0" timestamp="29 Oct 2018 05:28:21 GMT" time="0.078" errors="0">
  <testcase name="dataProviderTest" time="0.009" classname="test.SampleTestNG"/>
  <testcase name="dataProviderTest" time="0.002" classname="test.SampleTestNG"/>
  <testcase name="dataProviderTest" time="0.002" classname="test.SampleTestNG"/>
  <testcase name="test2" time="0.0" classname="test.SampleTestNG">
    <ignored/>
  </testcase> <!-- test2 -->
  <testcase name="testURL" time="0.0" classname="test.SampleTestNG">
    <ignored/>
  </testcase> <!-- testURL -->
</testsuite> <!-- Default test -->
