<?xml version="1.0" encoding="UTF-8"?>
<!-- Generated by org.testng.reporters.JUnitXMLReporter -->
<testsuite hostname="SHADOWS" ignored="0" name="ExampleTest" tests="4" failures="0" timestamp="26 Oct 2018 19:12:22 GMT" time="0.083" errors="0">
  <testcase name="test1" time="0.022" classname="test.SampleTestNG"/>
  <testcase name="test2" time="0.002" classname="test.SampleTestNG"/>
  <testcase name="test1" time="0.002" classname="test.SampleTestNG2"/>
  <testcase name="test2" time="0.003" classname="test.SampleTestNG2"/>
</testsuite> <!-- ExampleTest -->
