<?xml version="1.0" encoding="UTF-8"?>
<!-- Generated by org.testng.reporters.JUnitXMLReporter -->
<testsuite hostname="SHADOWS" ignored="2" name="test group 3" tests="2" failures="0" timestamp="29 Oct 2018 17:02:33 GMT" time="0.01" errors="0">
  <testcase name="sample1" time="0.002" classname="test.SampleTestNG4"/>
  <testcase name="sample2" time="0.002" classname="test.SampleTestNG4"/>
  <testcase name="test1" time="0.0" classname="test.SampleTestNG4">
    <ignored/>
  </testcase> <!-- test1 -->
  <testcase name="test2" time="0.0" classname="test.SampleTestNG4">
    <ignored/>
  </testcase> <!-- test2 -->
</testsuite> <!-- test group 3 -->
