<?xml version="1.0" encoding="UTF-8"?>
<!-- Generated by org.testng.reporters.JUnitXMLReporter -->
<testsuite hostname="SHADOWS" ignored="0" name="test group 1" tests="5" failures="0" timestamp="29 Oct 2018 17:09:40 GMT" time="0.086" errors="0">
  <testcase name="dataProviderTest" time="0.009" classname="test.SampleTestNG"/>
  <testcase name="dataProviderTest" time="0.002" classname="test.SampleTestNG"/>
  <testcase name="dataProviderTest" time="0.002" classname="test.SampleTestNG"/>
  <testcase name="test2" time="0.002" classname="test.SampleTestNG"/>
  <testcase name="testURL" time="0.002" classname="test.SampleTestNG"/>
</testsuite> <!-- test group 1 -->
